This is pdfTeX, Version 3.1415926-2.4-1.40.13 (TeX Live 2012) (format=pdflatex 2012.6.30)  13 MAR 2015 20:55
entering extended mode
 restricted \write18 enabled.
 %&-line parsing enabled.
**PaperDraft1.tex
(./PaperDraft1.tex
LaTeX2e <2011/06/27>
Babel <v3.8m> and hyphenation patterns for english, dumylang, nohyphenation, ge
rman-x-2012-05-30, ngerman-x-2012-05-30, afrikaans, ancientgreek, ibycus, arabi
c, armenian, basque, bulgarian, catalan, pinyin, coptic, croatian, czech, danis
h, dutch, ukenglish, usenglishmax, esperanto, estonian, ethiopic, farsi, finnis
h, french, friulan, galician, german, ngerman, swissgerman, monogreek, greek, h
ungarian, icelandic, assamese, bengali, gujarati, hindi, kannada, malayalam, ma
rathi, oriya, panjabi, tamil, telugu, indonesian, interlingua, irish, italian, 
kurmanji, latin, latvian, lithuanian, mongolian, mongolianlmc, bokmal, nynorsk,
 polish, portuguese, romanian, romansh, russian, sanskrit, serbian, serbianc, s
lovak, slovenian, spanish, swedish, turkish, turkmen, ukrainian, uppersorbian, 
welsh, loaded.
(/usr/local/texlive/2012/../texmf-local/tex/latex/base/svjour3.cls
Document Class: svjour3 2007/05/08 v3.2 
LaTeX document class for Springer journals
Class Springer-SVJour3 Info: extra/valid Springer sub-package (-> *.clo) 
(Springer-SVJour3)           not found in option list of \documentclass
(Springer-SVJour3)           - autoactivating "global" style.
(/usr/local/texlive/2012/../texmf-local/tex/latex/base/svglov3.clo
File: svglov3.clo 2009/12/18 v3.2 style option for standardised journals

SVJour Class option: svglov3.clo for standardised journals
)
LaTeX Font Info:    Redeclaring math symbol \Gamma on input line 147.
LaTeX Font Info:    Redeclaring math symbol \Delta on input line 148.
LaTeX Font Info:    Redeclaring math symbol \Theta on input line 149.
LaTeX Font Info:    Redeclaring math symbol \Lambda on input line 150.
LaTeX Font Info:    Redeclaring math symbol \Xi on input line 151.
LaTeX Font Info:    Redeclaring math symbol \Pi on input line 152.
LaTeX Font Info:    Redeclaring math symbol \Sigma on input line 153.
LaTeX Font Info:    Redeclaring math symbol \Upsilon on input line 154.
LaTeX Font Info:    Redeclaring math symbol \Phi on input line 155.
LaTeX Font Info:    Redeclaring math symbol \Psi on input line 156.
LaTeX Font Info:    Redeclaring math symbol \Omega on input line 157.
\logodepth=\dimen102
\headerboxheight=\dimen103
\betweenumberspace=\dimen104
\aftertext=\dimen105
\headlineindent=\dimen106
\c@inst=\count79
\c@auth=\count80
\instindent=\dimen107
\authrun=\box26
\authorrunning=\toks14
\titrun=\box27
\titlerunning=\toks15
\combirun=\box28
\c@lastpage=\count81
\rubricwidth=\dimen108
\c@section=\count82
\c@subsection=\count83
\c@subsubsection=\count84
\c@paragraph=\count85
\c@subparagraph=\count86
\spthmsep=\dimen109
\c@theorem=\count87
\c@case=\count88
\c@conjecture=\count89
\c@corollary=\count90
\c@definition=\count91
\c@example=\count92
\c@exercise=\count93
\c@lemma=\count94
\c@note=\count95
\c@problem=\count96
\c@property=\count97
\c@proposition=\count98
\c@question=\count99
\c@solution=\count100
\c@remark=\count101
\c@figure=\count102
\c@table=\count103
\abovecaptionskip=\skip41
\belowcaptionskip=\skip42
\figcapgap=\dimen110
\tabcapgap=\dimen111
\figgap=\dimen112
\bibindent=\dimen113
\@tempcntc=\count104
) (/usr/local/texlive/2012/texmf-dist/tex/latex/graphics/graphicx.sty
Package: graphicx 1999/02/16 v1.0f Enhanced LaTeX Graphics (DPC,SPQR)

(/usr/local/texlive/2012/texmf-dist/tex/latex/graphics/keyval.sty
Package: keyval 1999/03/16 v1.13 key=value parser (DPC)
\KV@toks@=\toks16
)
(/usr/local/texlive/2012/texmf-dist/tex/latex/graphics/graphics.sty
Package: graphics 2009/02/05 v1.0o Standard LaTeX Graphics (DPC,SPQR)

(/usr/local/texlive/2012/texmf-dist/tex/latex/graphics/trig.sty
Package: trig 1999/03/16 v1.09 sin cos tan (DPC)
)
(/usr/local/texlive/2012/texmf-dist/tex/latex/latexconfig/graphics.cfg
File: graphics.cfg 2010/04/23 v1.9 graphics configuration of TeX Live
)
Package graphics Info: Driver file: pdftex.def on input line 91.

(/usr/local/texlive/2012/texmf-dist/tex/latex/pdftex-def/pdftex.def
File: pdftex.def 2011/05/27 v0.06d Graphics/color for pdfTeX

(/usr/local/texlive/2012/texmf-dist/tex/generic/oberdiek/infwarerr.sty
Package: infwarerr 2010/04/08 v1.3 Providing info/warning/error messages (HO)
)
(/usr/local/texlive/2012/texmf-dist/tex/generic/oberdiek/ltxcmds.sty
Package: ltxcmds 2011/11/09 v1.22 LaTeX kernel commands for general use (HO)
)
\Gread@gobject=\count105
))
\Gin@req@height=\dimen114
\Gin@req@width=\dimen115
)
(/usr/local/texlive/2012/texmf-dist/tex/latex/graphics/color.sty
Package: color 2005/11/14 v1.0j Standard LaTeX Color (DPC)

(/usr/local/texlive/2012/texmf-dist/tex/latex/latexconfig/color.cfg
File: color.cfg 2007/01/18 v1.5 color configuration of teTeX/TeXLive
)
Package color Info: Driver file: pdftex.def on input line 130.
)
(/usr/local/texlive/2012/texmf-dist/tex/latex/framed/framed.sty
Package: framed 2011/10/22 v 0.96: framed or shaded text with page breaks
\OuterFrameSep=\skip43
\fb@frw=\dimen116
\fb@frh=\dimen117
\FrameRule=\dimen118
\FrameSep=\dimen119
)
(/usr/local/texlive/2012/texmf-dist/tex/latex/base/alltt.sty
Package: alltt 1997/06/16 v2.0g defines alltt environment
)
(/usr/local/texlive/2012/texmf-dist/tex/latex/base/fix-cm.sty
Package: fix-cm 2006/09/13 v1.1m fixes to LaTeX

(/usr/local/texlive/2012/texmf-dist/tex/latex/base/ts1enc.def
File: ts1enc.def 2001/06/05 v3.0e (jk/car/fm) Standard LaTeX file
))
(/usr/local/texlive/2012/../texmf-local/tex/latex/natbib/natbib.sty
Package: natbib 2009/11/07 8.31a (PWD, AO)
\bibhang=\skip44
\bibsep=\skip45
LaTeX Info: Redefining \cite on input line 694.
\c@NAT@ctr=\count106
)
(/usr/local/texlive/2012/texmf-dist/tex/latex/upquote/upquote.sty
Package: upquote 2012/04/19 v1.3 upright-quote and grave-accent glyphs in verba
tim
)
(./PaperDraft1.aux)
\openout1 = `PaperDraft1.aux'.

LaTeX Font Info:    Checking defaults for OML/cmm/m/it on input line 56.
LaTeX Font Info:    ... okay on input line 56.
LaTeX Font Info:    Checking defaults for T1/cmr/m/n on input line 56.
LaTeX Font Info:    ... okay on input line 56.
LaTeX Font Info:    Checking defaults for OT1/cmr/m/n on input line 56.
LaTeX Font Info:    ... okay on input line 56.
LaTeX Font Info:    Checking defaults for OMS/cmsy/m/n on input line 56.
LaTeX Font Info:    ... okay on input line 56.
LaTeX Font Info:    Checking defaults for OMX/cmex/m/n on input line 56.
LaTeX Font Info:    ... okay on input line 56.
LaTeX Font Info:    Checking defaults for U/cmr/m/n on input line 56.
LaTeX Font Info:    ... okay on input line 56.
LaTeX Font Info:    Checking defaults for TS1/cmr/m/n on input line 56.
LaTeX Font Info:    ... okay on input line 56.

Unknown journal: specify \journalname{<name of your journal>} in preambel

(/usr/local/texlive/2012/texmf-dist/tex/context/base/supp-pdf.mkii
[Loading MPS to PDF converter (version 2006.09.02).]
\scratchcounter=\count107
\scratchdimen=\dimen120
\scratchbox=\box29
\nofMPsegments=\count108
\nofMParguments=\count109
\everyMPshowfont=\toks17
\MPscratchCnt=\count110
\MPscratchDim=\dimen121
\MPnumerator=\count111
\makeMPintoPDFobject=\count112
\everyMPtoPDFconversion=\toks18
) (/usr/local/texlive/2012/texmf-dist/tex/generic/oberdiek/pdftexcmds.sty
Package: pdftexcmds 2011/11/29 v0.20 Utility functions of pdfTeX for LuaTeX (HO
)

(/usr/local/texlive/2012/texmf-dist/tex/generic/oberdiek/ifluatex.sty
Package: ifluatex 2010/03/01 v1.3 Provides the ifluatex switch (HO)
Package ifluatex Info: LuaTeX not detected.
)
(/usr/local/texlive/2012/texmf-dist/tex/generic/oberdiek/ifpdf.sty
Package: ifpdf 2011/01/30 v2.3 Provides the ifpdf switch (HO)
Package ifpdf Info: pdfTeX in PDF mode is detected.
)
Package pdftexcmds Info: LuaTeX not detected.
Package pdftexcmds Info: \pdf@primitive is available.
Package pdftexcmds Info: \pdf@ifprimitive is available.
Package pdftexcmds Info: \pdfdraftmode found.
)
(/usr/local/texlive/2012/texmf-dist/tex/latex/oberdiek/epstopdf-base.sty
Package: epstopdf-base 2010/02/09 v2.5 Base part for package epstopdf

(/usr/local/texlive/2012/texmf-dist/tex/latex/oberdiek/grfext.sty
Package: grfext 2010/08/19 v1.1 Manage graphics extensions (HO)

(/usr/local/texlive/2012/texmf-dist/tex/generic/oberdiek/kvdefinekeys.sty
Package: kvdefinekeys 2011/04/07 v1.3 Define keys (HO)
))
(/usr/local/texlive/2012/texmf-dist/tex/latex/oberdiek/kvoptions.sty
Package: kvoptions 2011/06/30 v3.11 Key value format for package options (HO)

(/usr/local/texlive/2012/texmf-dist/tex/generic/oberdiek/kvsetkeys.sty
Package: kvsetkeys 2012/04/25 v1.16 Key value parser (HO)

(/usr/local/texlive/2012/texmf-dist/tex/generic/oberdiek/etexcmds.sty
Package: etexcmds 2011/02/16 v1.5 Avoid name clashes with e-TeX commands (HO)
Package etexcmds Info: Could not find \expanded.
(etexcmds)             That can mean that you are not using pdfTeX 1.50 or
(etexcmds)             that some package has redefined \expanded.
(etexcmds)             In the latter case, load this package earlier.
)))
Package grfext Info: Graphics extension search list:
(grfext)             [.png,.pdf,.jpg,.mps,.jpeg,.jbig2,.jb2,.PNG,.PDF,.JPG,.JPE
G,.JBIG2,.JB2,.eps]
(grfext)             \AppendGraphicsExtensions on input line 452.

(/usr/local/texlive/2012/texmf-dist/tex/latex/latexconfig/epstopdf-sys.cfg
File: epstopdf-sys.cfg 2010/07/13 v1.3 Configuration of (r)epstopdf for TeX Liv
e
))
LaTeX Font Info:    External font `cmex10' loaded for size
(Font)              <8> on input line 71.
LaTeX Font Info:    External font `cmex10' loaded for size
(Font)              <6> on input line 71.
LaTeX Font Info:    External font `cmex10' loaded for size
(Font)              <5> on input line 71.
LaTeX Font Info:    External font `cmex10' loaded for size
(Font)              <7> on input line 71.

[1{/usr/local/texlive/2012/texmf-var/fonts/map/pdftex/updmap/pdftex.map}]
Package color Info: Redefining color shadecolor on input line 113.

<figure/surveyrates-1.pdf, id=10, 686.565pt x 542.025pt>
File: figure/surveyrates-1.pdf Graphic file (type pdf)

<use figure/surveyrates-1.pdf>
Package pdftex.def Info: figure/surveyrates-1.pdf used on input line 115.
(pdftex.def)             Requested size: 334.62186pt x 264.17201pt.
 [2]
Underfull \vbox (badness 1448) has occurred while \output is active []

 [3 <./figure/surveyrates-1.pdf>]
Package color Info: Redefining color shadecolor on input line 135.
 <figure/LikertSizes-1.pdf, id=23, 686.565pt x 325.215pt>
File: figure/LikertSizes-1.pdf Graphic file (type pdf)

<use figure/LikertSizes-1.pdf>
Package pdftex.def Info: figure/LikertSizes-1.pdf used on input line 137.
(pdftex.def)             Requested size: 334.62186pt x 158.5032pt.
 [4] [5 <./figure/LikertSizes-1.pdf>]
Package color Info: Redefining color shadecolor on input line 188.

<figure/communitysatplot-1.pdf, id=35, 686.565pt x 1084.05pt>
File: figure/communitysatplot-1.pdf Graphic file (type pdf)

<use figure/communitysatplot-1.pdf>
Package pdftex.def Info: figure/communitysatplot-1.pdf used on input line 190.
(pdftex.def)             Requested size: 334.62186pt x 528.34406pt.


LaTeX Warning: Float too large for page by 10.91634pt on input line 195.


Underfull \vbox (badness 4647) has occurred while \output is active []

 [6]
[7 <./figure/communitysatplot-1.pdf>]
Package color Info: Redefining color shadecolor on input line 214.

<figure/YNall-1.pdf, id=49, 1084.05pt x 686.565pt>
File: figure/YNall-1.pdf Graphic file (type pdf)
 <use figure/YNall-1.pdf>
Package pdftex.def Info: figure/YNall-1.pdf used on input line 216.
(pdftex.def)             Requested size: 334.62186pt x 211.92152pt.
Package color Info: Redefining color shadecolor on input line 231.

<figure/YN2010plot-1.pdf, id=50, 722.7pt x 1300.86pt>
File: figure/YN2010plot-1.pdf Graphic file (type pdf)

<use figure/YN2010plot-1.pdf>
Package pdftex.def Info: figure/YN2010plot-1.pdf used on input line 233.
(pdftex.def)             Requested size: 334.62186pt x 602.31323pt.


LaTeX Warning: Float too large for page by 111.82996pt on input line 238.

[8 <./figure/YNall-1.pdf>] [9 <./figure/YN2010plot-1.pdf>] [10]
Package color Info: Redefining color shadecolor on input line 281.

<figure/overallRaceplot-1.pdf, id=71, 1084.05pt x 722.7pt>
File: figure/overallRaceplot-1.pdf Graphic file (type pdf)

<use figure/overallRaceplot-1.pdf>
Package pdftex.def Info: figure/overallRaceplot-1.pdf used on input line 283.
(pdftex.def)             Requested size: 334.62186pt x 223.07529pt.
Package color Info: Redefining color shadecolor on input line 298.

<figure/samplesize-1.pdf, id=72, 614.295pt x 325.215pt>
File: figure/samplesize-1.pdf Graphic file (type pdf)

<use figure/samplesize-1.pdf>
Package pdftex.def Info: figure/samplesize-1.pdf used on input line 300.
(pdftex.def)             Requested size: 334.62186pt x 177.15181pt.
Package color Info: Redefining color shadecolor on input line 311.

<figure/overallRaceResponsePlot-1.pdf, id=73, 614.295pt x 325.215pt>
File: figure/overallRaceResponsePlot-1.pdf Graphic file (type pdf)

<use figure/overallRaceResponsePlot-1.pdf>
Package pdftex.def Info: figure/overallRaceResponsePlot-1.pdf used on input lin
e 313.
(pdftex.def)             Requested size: 334.62186pt x 177.15181pt.
Package color Info: Redefining color shadecolor on input line 328.

<figure/allMinorities-1.pdf, id=74, 758.835pt x 903.375pt>
File: figure/allMinorities-1.pdf Graphic file (type pdf)

<use figure/allMinorities-1.pdf>
Package pdftex.def Info: figure/allMinorities-1.pdf used on input line 330.
(pdftex.def)             Requested size: 334.62186pt x 398.36842pt.
 [11] [12 <./figure/overallRaceplot-1.pdf> <./figure/samplesize-1.pdf>]
Underfull \vbox (badness 2591) has occurred while \output is active []

 [13 <./figure/overallRaceResponsePlot-1.pdf>]
Package color Info: Redefining color shadecolor on input line 355.

<figure/anotherlookplot-1.pdf, id=106, 505.89pt x 505.89pt>
File: figure/anotherlookplot-1.pdf Graphic file (type pdf)

<use figure/anotherlookplot-1.pdf>
Package pdftex.def Info: figure/anotherlookplot-1.pdf used on input line 357.
(pdftex.def)             Requested size: 256.87814pt x 256.88118pt.

Underfull \vbox (badness 10000) has occurred while \output is active []

 [14 <./figure/allMinorities-1.pdf>]
Underfull \vbox (badness 1577) has occurred while \output is active []

 [15 <./figure/anotherlookplot-1.pdf>]
Package color Info: Redefining color shadecolor on input line 382.

<figure/seniorSS-1.pdf, id=124, 614.295pt x 325.215pt>
File: figure/seniorSS-1.pdf Graphic file (type pdf)

<use figure/seniorSS-1.pdf>
Package pdftex.def Info: figure/seniorSS-1.pdf used on input line 384.
(pdftex.def)             Requested size: 334.62186pt x 177.15181pt.
Package color Info: Redefining color shadecolor on input line 402.

<figure/seniorOverallPlot-1.pdf, id=125, 614.295pt x 397.485pt>
File: figure/seniorOverallPlot-1.pdf Graphic file (type pdf)

<use figure/seniorOverallPlot-1.pdf>
Package pdftex.def Info: figure/seniorOverallPlot-1.pdf used on input line 404.

(pdftex.def)             Requested size: 334.62186pt x 216.51889pt.
Package color Info: Redefining color shadecolor on input line 415.

<figure/seniorPlot-1.pdf, id=126, 758.835pt x 903.375pt>
File: figure/seniorPlot-1.pdf Graphic file (type pdf)

<use figure/seniorPlot-1.pdf>
Package pdftex.def Info: figure/seniorPlot-1.pdf used on input line 417.
(pdftex.def)             Requested size: 334.62186pt x 398.36842pt.
Package color Info: Redefining color shadecolor on input line 429.

<figure/anotherlookseniors-1.pdf, id=127, 505.89pt x 505.89pt>
File: figure/anotherlookseniors-1.pdf Graphic file (type pdf)

<use figure/anotherlookseniors-1.pdf>
Package pdftex.def Info: figure/anotherlookseniors-1.pdf used on input line 431
.
(pdftex.def)             Requested size: 256.87814pt x 256.88118pt.
 [16 <./figure/seniorSS-1.pdf>]
Overfull \hbox (2.44505pt too wide) in paragraph at lines 445--446
\OT1/cmr/m/n/10 tion-ship we would ex-pect be-tween com-mu-nity sat-is-fac-tion
 and meta-knowledge,
 []

Package color Info: Redefining color shadecolor on input line 454.
<figure/kidsSS-1.pdf, id=136, 614.295pt x 325.215pt>
File: figure/kidsSS-1.pdf Graphic file (type pdf)
 <use figure/kidsSS-1.pdf>
Package pdftex.def Info: figure/kidsSS-1.pdf used on input line 456.
(pdftex.def)             Requested size: 334.62186pt x 177.15181pt.

[17 <./figure/seniorOverallPlot-1.pdf>]
Underfull \vbox (badness 1616) has occurred while \output is active []

 [18 <./figure/seniorPlot-1.pdf>] [19 <./figure/anotherlookseniors-1.pdf> <./fi
gure/kidsSS-1.pdf>]
Package color Info: Redefining color shadecolor on input line 473.
 <figure/kidsplotOverall-1.pdf, id=170, 614.295pt x 397.485pt>
File: figure/kidsplotOverall-1.pdf Graphic file (type pdf)

<use figure/kidsplotOverall-1.pdf>
Package pdftex.def Info: figure/kidsplotOverall-1.pdf used on input line 475.
(pdftex.def)             Requested size: 334.62186pt x 216.51889pt.
Package color Info: Redefining color shadecolor on input line 486.

<figure/kidPlot-1.pdf, id=171, 758.835pt x 903.375pt>
File: figure/kidPlot-1.pdf Graphic file (type pdf)

<use figure/kidPlot-1.pdf>
Package pdftex.def Info: figure/kidPlot-1.pdf used on input line 488.
(pdftex.def)             Requested size: 334.62186pt x 398.36842pt.
Package color Info: Redefining color shadecolor on input line 499.

<figure/anotherlookkids-1.pdf, id=172, 505.89pt x 505.89pt>
File: figure/anotherlookkids-1.pdf Graphic file (type pdf)

<use figure/anotherlookkids-1.pdf>
Package pdftex.def Info: figure/anotherlookkids-1.pdf used on input line 501.
(pdftex.def)             Requested size: 256.87814pt x 256.88118pt.
 [20 <./figure/kidsplotOverall-1.pdf>]
Underfull \vbox (badness 5388) has occurred while \output is active []

 [21 <./figure/kidPlot-1.pdf>]
Package color Info: Redefining color shadecolor on input line 521.

<figure/correlationmatrix-1.pdf, id=191, 505.89pt x 505.89pt>
File: figure/correlationmatrix-1.pdf Graphic file (type pdf)

<use figure/correlationmatrix-1.pdf>
Package pdftex.def Info: figure/correlationmatrix-1.pdf used on input line 523.

(pdftex.def)             Requested size: 338.0pt x 338.00278pt.
 [22 <./figure/anotherlookkids-1.pdf>]
[23 <./figure/correlationmatrix-1.pdf>] (./PaperDraft1.bbl [24]) [25]
(./PaperDraft1.aux) ) 
Here is how much of TeX's memory you used:
 2790 strings out of 493488
 42583 string characters out of 3141326
 97197 words of memory out of 3000000
 6057 multiletter control sequences out of 15000+200000
 7031 words of font info for 25 fonts, out of 3000000 for 9000
 957 hyphenation exceptions out of 8191
 38i,9n,24p,1048b,268s stack positions out of 5000i,500n,10000p,200000b,50000s
</usr/local/texlive/2012/texmf-dist/fonts/type1/public/ams
fonts/cm/cmbx10.pfb></usr/local/texlive/2012/texmf-dist/fonts/type1/public/amsf
onts/cm/cmbx12.pfb></usr/local/texlive/2012/texmf-dist/fonts/type1/public/amsfo
nts/cm/cmbx8.pfb></usr/local/texlive/2012/texmf-dist/fonts/type1/public/amsfont
s/cm/cmex10.pfb></usr/local/texlive/2012/texmf-dist/fonts/type1/public/amsfonts
/cm/cmmi10.pfb></usr/local/texlive/2012/texmf-dist/fonts/type1/public/amsfonts/
cm/cmmi7.pfb></usr/local/texlive/2012/texmf-dist/fonts/type1/public/amsfonts/cm
/cmr10.pfb></usr/local/texlive/2012/texmf-dist/fonts/type1/public/amsfonts/cm/c
mr7.pfb></usr/local/texlive/2012/texmf-dist/fonts/type1/public/amsfonts/cm/cmr8
.pfb></usr/local/texlive/2012/texmf-dist/fonts/type1/public/amsfonts/cm/cmsy10.
pfb></usr/local/texlive/2012/texmf-dist/fonts/type1/public/amsfonts/cm/cmti10.p
fb>
Output written on PaperDraft1.pdf (25 pages, 312921 bytes).
PDF statistics:
 254 PDF objects out of 1000 (max. 8388607)
 175 compressed objects within 2 object streams
 0 named destinations out of 1000 (max. 500000)
 96 words of extra memory for PDF output out of 10000 (max. 10000000)

